<?xml version="1.0" encoding="UTF-8"?>
<testng-results ignored="0" total="2" passed="2" failed="0" skipped="0">
  <reporter-output>
  </reporter-output>
  <suite started-at="2021-04-22T16:32:49 IST" name="Default suite" finished-at="2021-04-22T16:34:04 IST" duration-ms="74648">
    <groups>
    </groups>
    <test started-at="2021-04-22T16:32:49 IST" name="Default test" finished-at="2021-04-22T16:34:04 IST" duration-ms="74648">
      <class name="tests.testclass">
        <test-method is-config="true" signature="setup()[pri:0, instance:tests.testclass@3561c410]" started-at="2021-04-22T16:32:49 IST" name="setup" finished-at="2021-04-22T16:33:08 IST" duration-ms="18789" status="PASS">
          <reporter-output>
          </reporter-output>
        </test-method> <!-- setup -->
        <test-method signature="openapp()[pri:1, instance:tests.testclass@3561c410]" started-at="2021-04-22T16:33:08 IST" name="openapp" finished-at="2021-04-22T16:33:40 IST" duration-ms="31831" status="PASS">
          <reporter-output>
          </reporter-output>
        </test-method> <!-- openapp -->
        <test-method signature="bookFacility()[pri:2, instance:tests.testclass@3561c410]" started-at="2021-04-22T16:33:40 IST" name="bookFacility" finished-at="2021-04-22T16:34:04 IST" duration-ms="23948" status="PASS">
          <reporter-output>
          </reporter-output>
        </test-method> <!-- bookFacility -->
        <test-method is-config="true" signature="teardown()[pri:0, instance:tests.testclass@3561c410]" started-at="2021-04-22T16:34:04 IST" name="teardown" finished-at="2021-04-22T16:34:04 IST" duration-ms="1" status="PASS">
          <reporter-output>
          </reporter-output>
        </test-method> <!-- teardown -->
      </class> <!-- tests.testclass -->
    </test> <!-- Default test -->
  </suite> <!-- Default suite -->
</testng-results>
